----------------------------------
2016/11/25 10:32:06

Log Output Successful . 
----------------------------------
----------------------------------
2016/11/25 10:32:19

No Server Found
----------------------------------
----------------------------------
2016/11/25 10:32:19

Server Open Successfully
----------------------------------
----------------------------------
2016/11/25 10:32:22

Server Close Successfully
----------------------------------
----------------------------------
2016/11/25 10:32:24

No Server Found
----------------------------------
----------------------------------
2016/11/25 10:32:24

Server Open Successfully
----------------------------------

